<?xml version="1.0" encoding="UTF-8"?>
<testng-results skipped="0" failed="0" ignored="0" total="1" passed="1">
  <reporter-output>
  </reporter-output>
  <suite name="Suite" duration-ms="65117" started-at="2019-07-10T12:04:47Z" finished-at="2019-07-10T12:05:52Z">
    <groups>
    </groups>
    <test name="Testing" duration-ms="65117" started-at="2019-07-10T12:04:47Z" finished-at="2019-07-10T12:05:52Z">
      <class name="Project.AddUserPage">
        <test-method status="PASS" signature="UserDetails(java.lang.String, java.lang.String, java.lang.String, java.lang.String, java.lang.String, java.lang.String)[pri:0, instance:Project.AddUserPage@271053e1]" name="UserDetails" duration-ms="59728" started-at="2019-07-10T12:04:51Z" data-provider="AddUser" finished-at="2019-07-10T12:05:51Z">
          <params>
            <param index="0">
              <value>
                <![CDATA[FName1]]>
              </value>
            </param>
            <param index="1">
              <value>
                <![CDATA[LName1]]>
              </value>
            </param>
            <param index="2">
              <value>
                <![CDATA[User1]]>
              </value>
            </param>
            <param index="3">
              <value>
                <![CDATA[Pass1]]>
              </value>
            </param>
            <param index="4">
              <value>
                <![CDATA[admin@mail.com]]>
              </value>
            </param>
            <param index="5">
              <value>
                <![CDATA[0825533]]>
              </value>
            </param>
          </params>
          <reporter-output>
          </reporter-output>
        </test-method> <!-- UserDetails -->
        <test-method status="PASS" signature="CloseDriver()[pri:0, instance:Project.AddUserPage@271053e1]" name="CloseDriver" is-config="true" duration-ms="737" started-at="2019-07-10T12:05:51Z" finished-at="2019-07-10T12:05:52Z">
          <reporter-output>
          </reporter-output>
        </test-method> <!-- CloseDriver -->
      </class> <!-- Project.AddUserPage -->
    </test> <!-- Testing -->
  </suite> <!-- Suite -->
</testng-results>
